18807; 1; 0; 0; 0; mov rdi, qword ptr [rbx+0x30]
18816; 1; 0; 0; 0; cmp dword ptr [rbx+0x2c], 0x0
18822; 1; 0; 0; 0; cmp byte ptr [rip+0x789f], 0x1
18872; 1; 0; 0; 0; mov rsi, qword ptr [rbx+0x30]
18876; 1; 0; 0; 0; mov rdi, qword ptr [rbx+0x40]
17764; 1; 0; 0; 0; cmp byte ptr [rip+0x7cdd], 0x0
17805; 1; 0; 0; 0; cmp dword ptr [rip+0x7ca4], 0x0
17814; 1; 0; 0; 0; test byte ptr [rip+0x7c8f], 0x1
17840; 1; 0; 0; 0; mov rax, qword ptr [rip+0x7c49]
17847; 1; 0; 0; 0; cmp qword ptr [rip+0x7c4a], rax
17863; 1; 0; 0; 0; mov edx, dword ptr [rax+rbx*1+0x8]
17872; 1; 0; 0; 0; mov rsi, qword ptr [rax+rbx*1]
18816; 1; 0; 0; 0; cmp dword ptr [rbx+0x2c], 0x0
18822; 1; 0; 0; 0; cmp byte ptr [rip+0x789f], 0x1
18912; 1; 0; 0; 0; mov rax, qword ptr [rbx+0x18]
18916; 1; 0; 0; 0; mov rcx, qword ptr [rbx]
18919; 1; 0; 0; 0; mov rdx, qword ptr [rbx+0x8]
18923; 1; 0; 0; 0; mov rsi, qword ptr [rcx+rax*8]
18927; 1; 0; 0; 0; mov r14d, dword ptr [rdx+rax*4]
18931; 1; 0; 0; 0; mov rcx, qword ptr [rbx+0x10]
18935; 1; 0; 0; 0; movsxd rcx, dword ptr [rcx+rax*4]
18946; 1; 0; 0; 0; movsxd rcx, dword ptr [rip+0x77ef]
18965; 0; 1; 0; 0; mov qword ptr [rbx+0x18], rax
18969; 1; 0; 0; 0; cmp rax, qword ptr [rbx+0x20]
18975; 0; 1; 0; 0; mov dword ptr [rbx+0x2c], 0x1
18986; 0; 1; 0; 0; mov dword ptr [rbx+0x28], 0x0
18993; 1; 0; 0; 0; mov rdi, qword ptr [rbx+0x30]
19002; 1; 0; 0; 0; mov rdi, qword ptr [rbx+0x38]
19015; 1; 0; 0; 0; mov rcx, qword ptr [rip+0x35da]
19022; 1; 0; 0; 0; mov rdi, qword ptr [rcx]
19049; 1; 0; 0; 0; mulsd xmm0, qword ptr [rip+0x2477]
19057; 1; 0; 0; 0; addsd xmm0, qword ptr [rip+0x2477]
19072; 1; 0; 0; 0; mov rdi, qword ptr [rip+0x77a9]
19099; 1; 0; 0; 0; mov rdi, qword ptr [rip+0x778e]
19111; 1; 0; 0; 0; mov r8d, dword ptr [rip+0x7746]
17891; 1; 0; 0; 0; movsxd rax, dword ptr [rip+0x7c4e]
17903; 1; 0; 0; 0; test byte ptr [rip+0x7c36], 0x1
17840; 1; 0; 0; 0; mov rax, qword ptr [rip+0x7c49]
17847; 1; 0; 0; 0; cmp qword ptr [rip+0x7c4a], rax
17863; 1; 0; 0; 0; mov edx, dword ptr [rax+rbx*1+0x8]
17872; 1; 0; 0; 0; mov rsi, qword ptr [rax+rbx*1]
19155; 1; 0; 0; 0; mov rcx, qword ptr [rip+0x354e]
19162; 1; 0; 0; 0; mov rdi, qword ptr [rcx]
19181; 1; 0; 0; 0; mov rdi, qword ptr [rip+0x774c]
19193; 1; 0; 0; 0; mov rax, qword ptr [rip+0x7700]
19212; 0; 1; 0; 0; mov qword ptr [rax+rdx*1], rcx
19219; 0; 1; 0; 0; mov dword ptr [rax+rdx*1+0x8], ecx
19223; 1; 0; 0; 0; mov rdi, qword ptr [rip+0x7722]
19248; 1; 0; 0; 0; mov rdi, qword ptr [rip+0x76f9]
19268; 1; 0; 0; 0; mov rdi, qword ptr [rip+0x76e5]
18807; 1; 0; 0; 0; mov rdi, qword ptr [rbx+0x30]
17937; 1; 0; 0; 0; mov rdi, qword ptr [rip+0x7c18]
17949; 1; 0; 0; 0; mov rax, qword ptr [rip+0x7bdc]
17956; 1; 0; 0; 0; mov rdi, qword ptr [rax+rbx*1]
17973; 1; 0; 0; 0; mov rdi, qword ptr [rip+0x7bf4]
17988; 1; 0; 0; 0; cmp byte ptr [rip+0x7bdd], 0x0
18002; 1; 0; 0; 0; idiv dword ptr [rip+0x7be0]
18008; 1; 0; 0; 0; mov rbx, qword ptr [rip+0x39c9]
18015; 1; 0; 0; 0; mov rdi, qword ptr [rbx]
18034; 1; 0; 0; 0; mov rdi, qword ptr [rbx]
18048; 1; 0; 0; 0; cmp dword ptr [rip+0x7bb1], r12d
18061; 1; 0; 0; 0; test byte ptr [rip+0x7b98], 0x1
18082; 1; 0; 0; 0; cmp byte ptr [rip+0x7b9f], 0x0
18099; 1; 0; 0; 0; cmp byte ptr [rip+0x7b6e], 0x0
18108; 1; 0; 0; 0; mov rax, qword ptr [rip+0x3965]
18115; 1; 0; 0; 0; mov rdi, qword ptr [rax]
19295; 1; 0; 0; 0; mov rdi, qword ptr [rbx+0x30]
